e:\.coding\.pythonwave\x64\debug\vc143.pdb
e:\.coding\.pythonwave\x64\debug\.netframework,version=v4.7.2.assemblyattributes.obj
e:\.coding\.pythonwave\x64\debug\login.obj
e:\.coding\.pythonwave\x64\debug\bunifu.ui.winforms.1.5.3.dll
e:\.coding\.pythonwave\x64\debug\bunifu.ui.winforms.bunifubutton.dll
e:\.coding\.pythonwave\x64\debug\bunifu.ui.winforms.bunifurating.dll
e:\.coding\.pythonwave\x64\debug\bunifu.ui.winforms.bunifuseparator.dll
e:\.coding\.pythonwave\x64\debug\bunifu.ui.winforms.bunifushapes.dll
e:\.coding\.pythonwave\x64\debug\bunifu.ui.winforms.bunifutextbox.dll
e:\.coding\.pythonwave\x64\debug\bunifu.ui.winforms.bunifutoggleswitch.dll
e:\.coding\.pythonwave\x64\debug\bunifu.ui.winforms.bunifuusercontrol.dll
e:\.coding\.pythonwave\x64\debug\guna.ui2.dll
e:\.coding\.pythonwave\x64\debug\pythonwave.exe
e:\.coding\.pythonwave\x64\debug\pythonwave.pdb
e:\.coding\.pythonwave\x64\debug\pythonwave.tlog\metagen.write.1.tlog
e:\.coding\.pythonwave\x64\debug\pythonwave.exe.metagen
e:\.coding\.pythonwave\x64\debug\pythonwave.tlog\cl.command.1.tlog
e:\.coding\.pythonwave\x64\debug\pythonwave.tlog\cl.items.tlog
e:\.coding\.pythonwave\x64\debug\pythonwave.tlog\cl.read.1.tlog
e:\.coding\.pythonwave\x64\debug\pythonwave.tlog\cl.write.1.tlog
e:\.coding\.pythonwave\x64\debug\pythonwave.tlog\copylocal.read.1u.tlog
e:\.coding\.pythonwave\x64\debug\pythonwave.tlog\copylocal.write.1u.tlog
e:\.coding\.pythonwave\x64\debug\pythonwave.tlog\link.command.1.tlog
e:\.coding\.pythonwave\x64\debug\pythonwave.tlog\link.read.1.tlog
e:\.coding\.pythonwave\x64\debug\pythonwave.tlog\link.write.1.tlog
e:\.coding\.pythonwave\x64\debug\pythonwave.tlog\metagen.read.1.tlog
e:\.coding\.pythonwave\x64\debug\pythonwave.tlog\resgen.command.1.tlog
e:\.coding\.pythonwave\x64\debug\pythonwave.tlog\resgen.read.1.tlog
e:\.coding\.pythonwave\x64\debug\pythonwave.tlog\resgen.write.1.tlog
e:\.coding\.pythonwave\x64\debug\pythonwave.tlog\bunifu.licensing.dll.metagen
e:\.coding\.pythonwave\x64\debug\pythonwave.tlog\bunifu.ui.winforms.1.5.3.dll.metagen
e:\.coding\.pythonwave\x64\debug\pythonwave.tlog\bunifu.ui.winforms.bunifubutton.dll.metagen
e:\.coding\.pythonwave\x64\debug\pythonwave.tlog\bunifu.ui.winforms.bunifurating.dll.metagen
e:\.coding\.pythonwave\x64\debug\pythonwave.tlog\bunifu.ui.winforms.bunifuseparator.dll.metagen
e:\.coding\.pythonwave\x64\debug\pythonwave.tlog\bunifu.ui.winforms.bunifushapes.dll.metagen
e:\.coding\.pythonwave\x64\debug\pythonwave.tlog\bunifu.ui.winforms.bunifutextbox.dll.metagen
e:\.coding\.pythonwave\x64\debug\pythonwave.tlog\bunifu.ui.winforms.bunifutoggleswitch.dll.metagen
e:\.coding\.pythonwave\x64\debug\pythonwave.tlog\bunifu.ui.winforms.bunifuusercontrol.dll.metagen
e:\.coding\.pythonwave\x64\debug\pythonwave.tlog\guna.ui2.dll.metagen
