C:\Program Files\Microsoft Visual Studio\2022\Community\MSBuild\Current\Bin\amd64\Microsoft.Common.CurrentVersion.targets(2382,5): warning MSB3274: The primary reference "Telerik.WinControls" could not be resolved because it was built against the ".NETFramework,Version=v4.8" framework. This is a higher version than the currently targeted framework ".NETFramework,Version=v4.7.2".
C:\Program Files\Microsoft Visual Studio\2022\Community\MSBuild\Current\Bin\amd64\Microsoft.Common.CurrentVersion.targets(2382,5): warning MSB3275: The primary reference "Telerik.WinControls.RichTextEditor" could not be resolved because it has an indirect dependency on the assembly "Telerik.WinControls, Version=2024.1.312.48, Culture=neutral, PublicKeyToken=5bb2a467cbec794e" which was built against the ".NETFramework,Version=v4.8" framework. This is a higher version than the currently targeted framework ".NETFramework,Version=v4.7.2".
C:\Program Files\Microsoft Visual Studio\2022\Community\MSBuild\Current\Bin\amd64\Microsoft.Common.CurrentVersion.targets(2382,5): warning MSB3275: The primary reference "Telerik.WinControls.UI" could not be resolved because it has an indirect dependency on the assembly "Telerik.WinControls, Version=2024.1.312.48, Culture=neutral, PublicKeyToken=5bb2a467cbec794e" which was built against the ".NETFramework,Version=v4.8" framework. This is a higher version than the currently targeted framework ".NETFramework,Version=v4.7.2".
C:\Program Files\Microsoft Visual Studio\2022\Community\MSBuild\Current\Bin\amd64\Microsoft.Common.CurrentVersion.targets(2382,5): warning MSB3274: The primary reference "Telerik.WinControls.RichTextEditor" could not be resolved because it was built against the ".NETFramework,Version=v4.8" framework. This is a higher version than the currently targeted framework ".NETFramework,Version=v4.7.2".
C:\Program Files\Microsoft Visual Studio\2022\Community\MSBuild\Current\Bin\amd64\Microsoft.Common.CurrentVersion.targets(2382,5): warning MSB3274: The primary reference "Telerik.WinControls.UI" could not be resolved because it was built against the ".NETFramework,Version=v4.8" framework. This is a higher version than the currently targeted framework ".NETFramework,Version=v4.7.2".
C:\Program Files\Microsoft Visual Studio\2022\Community\MSBuild\Current\Bin\amd64\Microsoft.Common.CurrentVersion.targets(2382,5): warning MSB3275: The primary reference "Telerik.WinControls.RichTextEditor" could not be resolved because it has an indirect dependency on the assembly "Telerik.WinControls.UI, Version=2024.1.312.48, Culture=neutral, PublicKeyToken=5bb2a467cbec794e" which was built against the ".NETFramework,Version=v4.8" framework. This is a higher version than the currently targeted framework ".NETFramework,Version=v4.7.2".
C:\Program Files\Microsoft Visual Studio\2022\Community\MSBuild\Current\Bin\amd64\Microsoft.Common.CurrentVersion.targets(2382,5): warning MSB3274: The primary reference "TelerikCommon" could not be resolved because it was built against the ".NETFramework,Version=v4.8" framework. This is a higher version than the currently targeted framework ".NETFramework,Version=v4.7.2".
C:\Program Files\Microsoft Visual Studio\2022\Community\MSBuild\Current\Bin\amd64\Microsoft.Common.CurrentVersion.targets(2382,5): warning MSB3275: The primary reference "Telerik.WinControls" could not be resolved because it has an indirect dependency on the assembly "TelerikCommon, Version=2024.1.312.48, Culture=neutral, PublicKeyToken=5bb2a467cbec794e" which was built against the ".NETFramework,Version=v4.8" framework. This is a higher version than the currently targeted framework ".NETFramework,Version=v4.7.2".
C:\Program Files\Microsoft Visual Studio\2022\Community\MSBuild\Current\Bin\amd64\Microsoft.Common.CurrentVersion.targets(2382,5): warning MSB3275: The primary reference "Telerik.WinControls.RichTextEditor" could not be resolved because it has an indirect dependency on the assembly "TelerikCommon, Version=2024.1.312.48, Culture=neutral, PublicKeyToken=5bb2a467cbec794e" which was built against the ".NETFramework,Version=v4.8" framework. This is a higher version than the currently targeted framework ".NETFramework,Version=v4.7.2".
C:\Program Files\Microsoft Visual Studio\2022\Community\MSBuild\Current\Bin\amd64\Microsoft.Common.CurrentVersion.targets(2382,5): warning MSB3275: The primary reference "Telerik.WinControls.UI" could not be resolved because it has an indirect dependency on the assembly "TelerikCommon, Version=2024.1.312.48, Culture=neutral, PublicKeyToken=5bb2a467cbec794e" which was built against the ".NETFramework,Version=v4.8" framework. This is a higher version than the currently targeted framework ".NETFramework,Version=v4.7.2".
  login.cpp
E:\.Coding\archive\.PythonWave\UI\Bunifu\Bunifu.UI.WinForms.1.5.3.dll : warning C4945: 'ObfuscatedByAgileDotNetAttribute': cannot import symbol from 'E:\.Coding\archive\.PythonWave\UI\Bunifu\Bunifu.UI.WinForms.1.5.3.dll': as 'SecureTeam::Attributes::ObfuscatedByAgileDotNetAttribute' has already been imported from another assembly 'E:\.Coding\archive\.PythonWave\x64\Debug\Bunifu.Licensing.dll'
  (compiling source file 'login.cpp')
  E:\.Coding\archive\.PythonWave\UI\Bunifu\Bunifu.UI.WinForms.1.5.3.dll(0,1):
  first seen type is used; re-order imported assemblies to use the current type
  E:\.Coding\archive\.PythonWave\UI\Bunifu\Bunifu.UI.WinForms.1.5.3.dll(0,1):
  This diagnostic occurred while importing type 'SecureTeam.Attributes.ObfuscatedByAgileDotNetAttribute' from assembly 'Bunifu.UI.WinForms.1.5.3, Version=1.5.3.0, Culture=neutral, PublicKeyToken=e8e24ccd28363fe9'.
  
E:\.Coding\archive\.PythonWave\UI\Bunifu\Bunifu.UI.WinForms.1.5.3.dll : warning C4945: '{FE3C441D-DF9D-407b-917D-0B4471A8296C}': cannot import symbol from 'E:\.Coding\archive\.PythonWave\UI\Bunifu\Bunifu.UI.WinForms.1.5.3.dll': as '{FE3C441D-DF9D-407b-917D-0B4471A8296C}' has already been imported from another assembly 'E:\.Coding\archive\.PythonWave\x64\Debug\Bunifu.Licensing.dll'
  (compiling source file 'login.cpp')
  E:\.Coding\archive\.PythonWave\UI\Bunifu\Bunifu.UI.WinForms.1.5.3.dll(0,1):
  first seen type is used; re-order imported assemblies to use the current type
  E:\.Coding\archive\.PythonWave\UI\Bunifu\Bunifu.UI.WinForms.1.5.3.dll(0,1):
  This diagnostic occurred while importing type '.{FE3C441D-DF9D-407b-917D-0B4471A8296C}' from assembly 'Bunifu.UI.WinForms.1.5.3, Version=1.5.3.0, Culture=neutral, PublicKeyToken=e8e24ccd28363fe9'.
  
E:\.Coding\archive\.PythonWave\UI\Bunifu\Bunifu.UI.WinForms.BunifuButton.dll : warning C4945: 'ObfuscatedByAgileDotNetAttribute': cannot import symbol from 'E:\.Coding\archive\.PythonWave\UI\Bunifu\Bunifu.UI.WinForms.BunifuButton.dll': as 'SecureTeam::Attributes::ObfuscatedByAgileDotNetAttribute' has already been imported from another assembly 'E:\.Coding\archive\.PythonWave\x64\Debug\Bunifu.Licensing.dll'
  (compiling source file 'login.cpp')
  E:\.Coding\archive\.PythonWave\UI\Bunifu\Bunifu.UI.WinForms.BunifuButton.dll(0,1):
  first seen type is used; re-order imported assemblies to use the current type
  E:\.Coding\archive\.PythonWave\UI\Bunifu\Bunifu.UI.WinForms.BunifuButton.dll(0,1):
  This diagnostic occurred while importing type 'SecureTeam.Attributes.ObfuscatedByAgileDotNetAttribute' from assembly 'Bunifu.UI.WinForms.BunifuButton, Version=4.1.1.0, Culture=neutral, PublicKeyToken=e8e24ccd28363fe9'.
  
E:\.Coding\archive\.PythonWave\UI\Bunifu\Bunifu.UI.WinForms.BunifuButton.dll : warning C4945: '{FE3C441D-DF9D-407b-917D-0B4471A8296C}': cannot import symbol from 'E:\.Coding\archive\.PythonWave\UI\Bunifu\Bunifu.UI.WinForms.BunifuButton.dll': as '{FE3C441D-DF9D-407b-917D-0B4471A8296C}' has already been imported from another assembly 'E:\.Coding\archive\.PythonWave\x64\Debug\Bunifu.Licensing.dll'
  (compiling source file 'login.cpp')
  E:\.Coding\archive\.PythonWave\UI\Bunifu\Bunifu.UI.WinForms.BunifuButton.dll(0,1):
  first seen type is used; re-order imported assemblies to use the current type
  E:\.Coding\archive\.PythonWave\UI\Bunifu\Bunifu.UI.WinForms.BunifuButton.dll(0,1):
  This diagnostic occurred while importing type '.{FE3C441D-DF9D-407b-917D-0B4471A8296C}' from assembly 'Bunifu.UI.WinForms.BunifuButton, Version=4.1.1.0, Culture=neutral, PublicKeyToken=e8e24ccd28363fe9'.
  
E:\.Coding\.PythonWave\UI\Bunifu\Bunifu.UI.WinForms.BunifuCircleProgress.dll : warning C4945: 'ObfuscatedByAgileDotNetAttribute': cannot import symbol from 'E:\.Coding\.PythonWave\UI\Bunifu\Bunifu.UI.WinForms.BunifuCircleProgress.dll': as 'SecureTeam::Attributes::ObfuscatedByAgileDotNetAttribute' has already been imported from another assembly 'E:\.Coding\archive\.PythonWave\x64\Debug\Bunifu.Licensing.dll'
  (compiling source file 'login.cpp')
  E:\.Coding\.PythonWave\UI\Bunifu\Bunifu.UI.WinForms.BunifuCircleProgress.dll(0,1):
  first seen type is used; re-order imported assemblies to use the current type
  E:\.Coding\.PythonWave\UI\Bunifu\Bunifu.UI.WinForms.BunifuCircleProgress.dll(0,1):
  This diagnostic occurred while importing type 'SecureTeam.Attributes.ObfuscatedByAgileDotNetAttribute' from assembly 'Bunifu.UI.WinForms.BunifuCircleProgress, Version=4.1.1.0, Culture=neutral, PublicKeyToken=e8e24ccd28363fe9'.
  
E:\.Coding\.PythonWave\UI\Bunifu\Bunifu.UI.WinForms.BunifuCircleProgress.dll : warning C4945: '{FE3C441D-DF9D-407b-917D-0B4471A8296C}': cannot import symbol from 'E:\.Coding\.PythonWave\UI\Bunifu\Bunifu.UI.WinForms.BunifuCircleProgress.dll': as '{FE3C441D-DF9D-407b-917D-0B4471A8296C}' has already been imported from another assembly 'E:\.Coding\archive\.PythonWave\x64\Debug\Bunifu.Licensing.dll'
  (compiling source file 'login.cpp')
  E:\.Coding\.PythonWave\UI\Bunifu\Bunifu.UI.WinForms.BunifuCircleProgress.dll(0,1):
  first seen type is used; re-order imported assemblies to use the current type
  E:\.Coding\.PythonWave\UI\Bunifu\Bunifu.UI.WinForms.BunifuCircleProgress.dll(0,1):
  This diagnostic occurred while importing type '.{FE3C441D-DF9D-407b-917D-0B4471A8296C}' from assembly 'Bunifu.UI.WinForms.BunifuCircleProgress, Version=4.1.1.0, Culture=neutral, PublicKeyToken=e8e24ccd28363fe9'.
  
E:\.Coding\.PythonWave\UI\Bunifu\Bunifu.UI.WinForms.BunifuColorTransition.dll : warning C4945: 'ObfuscatedByAgileDotNetAttribute': cannot import symbol from 'E:\.Coding\.PythonWave\UI\Bunifu\Bunifu.UI.WinForms.BunifuColorTransition.dll': as 'SecureTeam::Attributes::ObfuscatedByAgileDotNetAttribute' has already been imported from another assembly 'E:\.Coding\archive\.PythonWave\x64\Debug\Bunifu.Licensing.dll'
  (compiling source file 'login.cpp')
  E:\.Coding\.PythonWave\UI\Bunifu\Bunifu.UI.WinForms.BunifuColorTransition.dll(0,1):
  first seen type is used; re-order imported assemblies to use the current type
  E:\.Coding\.PythonWave\UI\Bunifu\Bunifu.UI.WinForms.BunifuColorTransition.dll(0,1):
  This diagnostic occurred while importing type 'SecureTeam.Attributes.ObfuscatedByAgileDotNetAttribute' from assembly 'Bunifu.UI.WinForms.BunifuColorTransition, Version=4.1.1.0, Culture=neutral, PublicKeyToken=e8e24ccd28363fe9'.
  
E:\.Coding\.PythonWave\UI\Bunifu\Bunifu.UI.WinForms.BunifuColorTransition.dll : warning C4945: '{FE3C441D-DF9D-407b-917D-0B4471A8296C}': cannot import symbol from 'E:\.Coding\.PythonWave\UI\Bunifu\Bunifu.UI.WinForms.BunifuColorTransition.dll': as '{FE3C441D-DF9D-407b-917D-0B4471A8296C}' has already been imported from another assembly 'E:\.Coding\archive\.PythonWave\x64\Debug\Bunifu.Licensing.dll'
  (compiling source file 'login.cpp')
  E:\.Coding\.PythonWave\UI\Bunifu\Bunifu.UI.WinForms.BunifuColorTransition.dll(0,1):
  first seen type is used; re-order imported assemblies to use the current type
  E:\.Coding\.PythonWave\UI\Bunifu\Bunifu.UI.WinForms.BunifuColorTransition.dll(0,1):
  This diagnostic occurred while importing type '.{FE3C441D-DF9D-407b-917D-0B4471A8296C}' from assembly 'Bunifu.UI.WinForms.BunifuColorTransition, Version=4.1.1.0, Culture=neutral, PublicKeyToken=e8e24ccd28363fe9'.
  
E:\.Coding\.PythonWave\UI\Bunifu\Bunifu.UI.WinForms.BunifuDatePicker.dll : warning C4945: 'ObfuscatedByAgileDotNetAttribute': cannot import symbol from 'E:\.Coding\.PythonWave\UI\Bunifu\Bunifu.UI.WinForms.BunifuDatePicker.dll': as 'SecureTeam::Attributes::ObfuscatedByAgileDotNetAttribute' has already been imported from another assembly 'E:\.Coding\archive\.PythonWave\x64\Debug\Bunifu.Licensing.dll'
  (compiling source file 'login.cpp')
  E:\.Coding\.PythonWave\UI\Bunifu\Bunifu.UI.WinForms.BunifuDatePicker.dll(0,1):
  first seen type is used; re-order imported assemblies to use the current type
  E:\.Coding\.PythonWave\UI\Bunifu\Bunifu.UI.WinForms.BunifuDatePicker.dll(0,1):
  This diagnostic occurred while importing type 'SecureTeam.Attributes.ObfuscatedByAgileDotNetAttribute' from assembly 'Bunifu.UI.WinForms.BunifuDatePicker, Version=4.1.1.0, Culture=neutral, PublicKeyToken=e8e24ccd28363fe9'.
  
E:\.Coding\.PythonWave\UI\Bunifu\Bunifu.UI.WinForms.BunifuDatePicker.dll : warning C4945: '{FE3C441D-DF9D-407b-917D-0B4471A8296C}': cannot import symbol from 'E:\.Coding\.PythonWave\UI\Bunifu\Bunifu.UI.WinForms.BunifuDatePicker.dll': as '{FE3C441D-DF9D-407b-917D-0B4471A8296C}' has already been imported from another assembly 'E:\.Coding\archive\.PythonWave\x64\Debug\Bunifu.Licensing.dll'
  (compiling source file 'login.cpp')
  E:\.Coding\.PythonWave\UI\Bunifu\Bunifu.UI.WinForms.BunifuDatePicker.dll(0,1):
  first seen type is used; re-order imported assemblies to use the current type
  E:\.Coding\.PythonWave\UI\Bunifu\Bunifu.UI.WinForms.BunifuDatePicker.dll(0,1):
  This diagnostic occurred while importing type '.{FE3C441D-DF9D-407b-917D-0B4471A8296C}' from assembly 'Bunifu.UI.WinForms.BunifuDatePicker, Version=4.1.1.0, Culture=neutral, PublicKeyToken=e8e24ccd28363fe9'.
  
E:\.Coding\archive\.PythonWave\UI\Bunifu\Bunifu.UI.WinForms.BunifuRating.dll : warning C4945: 'ObfuscatedByAgileDotNetAttribute': cannot import symbol from 'E:\.Coding\archive\.PythonWave\UI\Bunifu\Bunifu.UI.WinForms.BunifuRating.dll': as 'SecureTeam::Attributes::ObfuscatedByAgileDotNetAttribute' has already been imported from another assembly 'E:\.Coding\archive\.PythonWave\x64\Debug\Bunifu.Licensing.dll'
  (compiling source file 'login.cpp')
  E:\.Coding\archive\.PythonWave\UI\Bunifu\Bunifu.UI.WinForms.BunifuRating.dll(0,1):
  first seen type is used; re-order imported assemblies to use the current type
  E:\.Coding\archive\.PythonWave\UI\Bunifu\Bunifu.UI.WinForms.BunifuRating.dll(0,1):
  This diagnostic occurred while importing type 'SecureTeam.Attributes.ObfuscatedByAgileDotNetAttribute' from assembly 'Bunifu.UI.WinForms.BunifuRating, Version=4.1.1.0, Culture=neutral, PublicKeyToken=e8e24ccd28363fe9'.
  
E:\.Coding\archive\.PythonWave\UI\Bunifu\Bunifu.UI.WinForms.BunifuRating.dll : warning C4945: '{FE3C441D-DF9D-407b-917D-0B4471A8296C}': cannot import symbol from 'E:\.Coding\archive\.PythonWave\UI\Bunifu\Bunifu.UI.WinForms.BunifuRating.dll': as '{FE3C441D-DF9D-407b-917D-0B4471A8296C}' has already been imported from another assembly 'E:\.Coding\archive\.PythonWave\x64\Debug\Bunifu.Licensing.dll'
  (compiling source file 'login.cpp')
  E:\.Coding\archive\.PythonWave\UI\Bunifu\Bunifu.UI.WinForms.BunifuRating.dll(0,1):
  first seen type is used; re-order imported assemblies to use the current type
  E:\.Coding\archive\.PythonWave\UI\Bunifu\Bunifu.UI.WinForms.BunifuRating.dll(0,1):
  This diagnostic occurred while importing type '.{FE3C441D-DF9D-407b-917D-0B4471A8296C}' from assembly 'Bunifu.UI.WinForms.BunifuRating, Version=4.1.1.0, Culture=neutral, PublicKeyToken=e8e24ccd28363fe9'.
  
E:\.Coding\archive\.PythonWave\UI\Bunifu\Bunifu.UI.WinForms.BunifuSeparator.dll : warning C4945: 'ObfuscatedByAgileDotNetAttribute': cannot import symbol from 'E:\.Coding\archive\.PythonWave\UI\Bunifu\Bunifu.UI.WinForms.BunifuSeparator.dll': as 'SecureTeam::Attributes::ObfuscatedByAgileDotNetAttribute' has already been imported from another assembly 'E:\.Coding\archive\.PythonWave\x64\Debug\Bunifu.Licensing.dll'
  (compiling source file 'login.cpp')
  E:\.Coding\archive\.PythonWave\UI\Bunifu\Bunifu.UI.WinForms.BunifuSeparator.dll(0,1):
  first seen type is used; re-order imported assemblies to use the current type
  E:\.Coding\archive\.PythonWave\UI\Bunifu\Bunifu.UI.WinForms.BunifuSeparator.dll(0,1):
  This diagnostic occurred while importing type 'SecureTeam.Attributes.ObfuscatedByAgileDotNetAttribute' from assembly 'Bunifu.UI.WinForms.BunifuSeparator, Version=4.1.1.0, Culture=neutral, PublicKeyToken=e8e24ccd28363fe9'.
  
E:\.Coding\archive\.PythonWave\UI\Bunifu\Bunifu.UI.WinForms.BunifuSeparator.dll : warning C4945: '{FE3C441D-DF9D-407b-917D-0B4471A8296C}': cannot import symbol from 'E:\.Coding\archive\.PythonWave\UI\Bunifu\Bunifu.UI.WinForms.BunifuSeparator.dll': as '{FE3C441D-DF9D-407b-917D-0B4471A8296C}' has already been imported from another assembly 'E:\.Coding\archive\.PythonWave\x64\Debug\Bunifu.Licensing.dll'
  (compiling source file 'login.cpp')
  E:\.Coding\archive\.PythonWave\UI\Bunifu\Bunifu.UI.WinForms.BunifuSeparator.dll(0,1):
  first seen type is used; re-order imported assemblies to use the current type
  E:\.Coding\archive\.PythonWave\UI\Bunifu\Bunifu.UI.WinForms.BunifuSeparator.dll(0,1):
  This diagnostic occurred while importing type '.{FE3C441D-DF9D-407b-917D-0B4471A8296C}' from assembly 'Bunifu.UI.WinForms.BunifuSeparator, Version=4.1.1.0, Culture=neutral, PublicKeyToken=e8e24ccd28363fe9'.
  
E:\.Coding\archive\.PythonWave\UI\Bunifu\Bunifu.UI.WinForms.BunifuShapes.dll : warning C4945: 'ObfuscatedByAgileDotNetAttribute': cannot import symbol from 'E:\.Coding\archive\.PythonWave\UI\Bunifu\Bunifu.UI.WinForms.BunifuShapes.dll': as 'SecureTeam::Attributes::ObfuscatedByAgileDotNetAttribute' has already been imported from another assembly 'E:\.Coding\archive\.PythonWave\x64\Debug\Bunifu.Licensing.dll'
  (compiling source file 'login.cpp')
  E:\.Coding\archive\.PythonWave\UI\Bunifu\Bunifu.UI.WinForms.BunifuShapes.dll(0,1):
  first seen type is used; re-order imported assemblies to use the current type
  E:\.Coding\archive\.PythonWave\UI\Bunifu\Bunifu.UI.WinForms.BunifuShapes.dll(0,1):
  This diagnostic occurred while importing type 'SecureTeam.Attributes.ObfuscatedByAgileDotNetAttribute' from assembly 'Bunifu.UI.WinForms.BunifuShapes, Version=4.1.1.0, Culture=neutral, PublicKeyToken=null'.
  
E:\.Coding\archive\.PythonWave\UI\Bunifu\Bunifu.UI.WinForms.BunifuShapes.dll : warning C4945: '{FE3C441D-DF9D-407b-917D-0B4471A8296C}': cannot import symbol from 'E:\.Coding\archive\.PythonWave\UI\Bunifu\Bunifu.UI.WinForms.BunifuShapes.dll': as '{FE3C441D-DF9D-407b-917D-0B4471A8296C}' has already been imported from another assembly 'E:\.Coding\archive\.PythonWave\x64\Debug\Bunifu.Licensing.dll'
  (compiling source file 'login.cpp')
  E:\.Coding\archive\.PythonWave\UI\Bunifu\Bunifu.UI.WinForms.BunifuShapes.dll(0,1):
  first seen type is used; re-order imported assemblies to use the current type
  E:\.Coding\archive\.PythonWave\UI\Bunifu\Bunifu.UI.WinForms.BunifuShapes.dll(0,1):
  This diagnostic occurred while importing type '.{FE3C441D-DF9D-407b-917D-0B4471A8296C}' from assembly 'Bunifu.UI.WinForms.BunifuShapes, Version=4.1.1.0, Culture=neutral, PublicKeyToken=null'.
  
E:\.Coding\archive\.PythonWave\UI\Bunifu\Bunifu.UI.WinForms.BunifuTextbox.dll : warning C4945: 'ObfuscatedByAgileDotNetAttribute': cannot import symbol from 'E:\.Coding\archive\.PythonWave\UI\Bunifu\Bunifu.UI.WinForms.BunifuTextbox.dll': as 'SecureTeam::Attributes::ObfuscatedByAgileDotNetAttribute' has already been imported from another assembly 'E:\.Coding\archive\.PythonWave\x64\Debug\Bunifu.Licensing.dll'
  (compiling source file 'login.cpp')
  E:\.Coding\archive\.PythonWave\UI\Bunifu\Bunifu.UI.WinForms.BunifuTextbox.dll(0,1):
  first seen type is used; re-order imported assemblies to use the current type
  E:\.Coding\archive\.PythonWave\UI\Bunifu\Bunifu.UI.WinForms.BunifuTextbox.dll(0,1):
  This diagnostic occurred while importing type 'SecureTeam.Attributes.ObfuscatedByAgileDotNetAttribute' from assembly 'Bunifu.UI.WinForms.BunifuTextBox, Version=4.1.1.0, Culture=neutral, PublicKeyToken=e8e24ccd28363fe9'.
  
E:\.Coding\archive\.PythonWave\UI\Bunifu\Bunifu.UI.WinForms.BunifuTextbox.dll : warning C4945: '{FE3C441D-DF9D-407b-917D-0B4471A8296C}': cannot import symbol from 'E:\.Coding\archive\.PythonWave\UI\Bunifu\Bunifu.UI.WinForms.BunifuTextbox.dll': as '{FE3C441D-DF9D-407b-917D-0B4471A8296C}' has already been imported from another assembly 'E:\.Coding\archive\.PythonWave\x64\Debug\Bunifu.Licensing.dll'
  (compiling source file 'login.cpp')
  E:\.Coding\archive\.PythonWave\UI\Bunifu\Bunifu.UI.WinForms.BunifuTextbox.dll(0,1):
  first seen type is used; re-order imported assemblies to use the current type
  E:\.Coding\archive\.PythonWave\UI\Bunifu\Bunifu.UI.WinForms.BunifuTextbox.dll(0,1):
  This diagnostic occurred while importing type '.{FE3C441D-DF9D-407b-917D-0B4471A8296C}' from assembly 'Bunifu.UI.WinForms.BunifuTextBox, Version=4.1.1.0, Culture=neutral, PublicKeyToken=e8e24ccd28363fe9'.
  
E:\.Coding\archive\.PythonWave\UI\Bunifu\Bunifu.UI.WinForms.BunifuToggleSwitch.dll : warning C4945: 'ObfuscatedByAgileDotNetAttribute': cannot import symbol from 'E:\.Coding\archive\.PythonWave\UI\Bunifu\Bunifu.UI.WinForms.BunifuToggleSwitch.dll': as 'SecureTeam::Attributes::ObfuscatedByAgileDotNetAttribute' has already been imported from another assembly 'E:\.Coding\archive\.PythonWave\x64\Debug\Bunifu.Licensing.dll'
  (compiling source file 'login.cpp')
  E:\.Coding\archive\.PythonWave\UI\Bunifu\Bunifu.UI.WinForms.BunifuToggleSwitch.dll(0,1):
  first seen type is used; re-order imported assemblies to use the current type
  E:\.Coding\archive\.PythonWave\UI\Bunifu\Bunifu.UI.WinForms.BunifuToggleSwitch.dll(0,1):
  This diagnostic occurred while importing type 'SecureTeam.Attributes.ObfuscatedByAgileDotNetAttribute' from assembly 'Bunifu.UI.WinForms.BunifuToggleSwitch, Version=4.1.1.0, Culture=neutral, PublicKeyToken=e8e24ccd28363fe9'.
  
E:\.Coding\archive\.PythonWave\UI\Bunifu\Bunifu.UI.WinForms.BunifuToggleSwitch.dll : warning C4945: '{FE3C441D-DF9D-407b-917D-0B4471A8296C}': cannot import symbol from 'E:\.Coding\archive\.PythonWave\UI\Bunifu\Bunifu.UI.WinForms.BunifuToggleSwitch.dll': as '{FE3C441D-DF9D-407b-917D-0B4471A8296C}' has already been imported from another assembly 'E:\.Coding\archive\.PythonWave\x64\Debug\Bunifu.Licensing.dll'
  (compiling source file 'login.cpp')
  E:\.Coding\archive\.PythonWave\UI\Bunifu\Bunifu.UI.WinForms.BunifuToggleSwitch.dll(0,1):
  first seen type is used; re-order imported assemblies to use the current type
  E:\.Coding\archive\.PythonWave\UI\Bunifu\Bunifu.UI.WinForms.BunifuToggleSwitch.dll(0,1):
  This diagnostic occurred while importing type '.{FE3C441D-DF9D-407b-917D-0B4471A8296C}' from assembly 'Bunifu.UI.WinForms.BunifuToggleSwitch, Version=4.1.1.0, Culture=neutral, PublicKeyToken=e8e24ccd28363fe9'.
  
E:\.Coding\archive\.PythonWave\UI\Bunifu\Bunifu.UI.WinForms.BunifuUserControl.dll : warning C4945: 'ObfuscatedByAgileDotNetAttribute': cannot import symbol from 'E:\.Coding\archive\.PythonWave\UI\Bunifu\Bunifu.UI.WinForms.BunifuUserControl.dll': as 'SecureTeam::Attributes::ObfuscatedByAgileDotNetAttribute' has already been imported from another assembly 'E:\.Coding\archive\.PythonWave\x64\Debug\Bunifu.Licensing.dll'
  (compiling source file 'login.cpp')
  E:\.Coding\archive\.PythonWave\UI\Bunifu\Bunifu.UI.WinForms.BunifuUserControl.dll(0,1):
  first seen type is used; re-order imported assemblies to use the current type
  E:\.Coding\archive\.PythonWave\UI\Bunifu\Bunifu.UI.WinForms.BunifuUserControl.dll(0,1):
  This diagnostic occurred while importing type 'SecureTeam.Attributes.ObfuscatedByAgileDotNetAttribute' from assembly 'Bunifu.UI.WinForms.BunifuUserControl, Version=4.1.1.0, Culture=neutral, PublicKeyToken=e8e24ccd28363fe9'.
  
E:\.Coding\archive\.PythonWave\UI\Bunifu\Bunifu.UI.WinForms.BunifuUserControl.dll : warning C4945: '{FE3C441D-DF9D-407b-917D-0B4471A8296C}': cannot import symbol from 'E:\.Coding\archive\.PythonWave\UI\Bunifu\Bunifu.UI.WinForms.BunifuUserControl.dll': as '{FE3C441D-DF9D-407b-917D-0B4471A8296C}' has already been imported from another assembly 'E:\.Coding\archive\.PythonWave\x64\Debug\Bunifu.Licensing.dll'
  (compiling source file 'login.cpp')
  E:\.Coding\archive\.PythonWave\UI\Bunifu\Bunifu.UI.WinForms.BunifuUserControl.dll(0,1):
  first seen type is used; re-order imported assemblies to use the current type
  E:\.Coding\archive\.PythonWave\UI\Bunifu\Bunifu.UI.WinForms.BunifuUserControl.dll(0,1):
  This diagnostic occurred while importing type '.{FE3C441D-DF9D-407b-917D-0B4471A8296C}' from assembly 'Bunifu.UI.WinForms.BunifuUserControl, Version=4.1.1.0, Culture=neutral, PublicKeyToken=e8e24ccd28363fe9'.
  
E:\.Coding\archive\.PythonWave\login.cpp(6,33): warning C4829: Possibly incorrect parameters to function main. Consider 'int main(Platform::Array<Platform::String^>^ argv)'
  login.obj : MSIL module encountered; incremental linking is disabled for MSIL; performing full link
  PythonWave.vcxproj -> E:\.Coding\archive\.PythonWave\x64\Debug\PythonWave.exe
