d:\.studies\.pythonwave\pythonwave\pythonwave\x64\debug\vc143.pdb
d:\.studies\.pythonwave\pythonwave\pythonwave\x64\debug\.netframework,version=v4.7.2.assemblyattributes.obj
d:\.studies\.pythonwave\pythonwave\pythonwave\x64\debug\login.obj
d:\.studies\.pythonwave\pythonwave\pythonwave\x64\debug\createprofile.obj
d:\.studies\.pythonwave\pythonwave\x64\debug\pythonwave.exe
d:\.studies\.pythonwave\pythonwave\x64\debug\pythonwave.pdb
d:\.studies\.pythonwave\pythonwave\pythonwave\x64\debug\pythonwave.tlog\metagen.write.1.tlog
d:\.studies\.pythonwave\pythonwave\pythonwave\x64\debug\pythonwave.tlog\cl.command.1.tlog
d:\.studies\.pythonwave\pythonwave\pythonwave\x64\debug\pythonwave.tlog\cl.items.tlog
d:\.studies\.pythonwave\pythonwave\pythonwave\x64\debug\pythonwave.tlog\cl.read.1.tlog
d:\.studies\.pythonwave\pythonwave\pythonwave\x64\debug\pythonwave.tlog\cl.write.1.tlog
d:\.studies\.pythonwave\pythonwave\pythonwave\x64\debug\pythonwave.tlog\link.command.1.tlog
d:\.studies\.pythonwave\pythonwave\pythonwave\x64\debug\pythonwave.tlog\link.read.1.tlog
d:\.studies\.pythonwave\pythonwave\pythonwave\x64\debug\pythonwave.tlog\link.secondary.1.tlog
d:\.studies\.pythonwave\pythonwave\pythonwave\x64\debug\pythonwave.tlog\link.write.1.tlog
d:\.studies\.pythonwave\pythonwave\pythonwave\x64\debug\pythonwave.tlog\metagen.read.1.tlog
d:\.studies\.pythonwave\pythonwave\pythonwave\x64\debug\pythonwave.tlog\resgen.command.1.tlog
d:\.studies\.pythonwave\pythonwave\pythonwave\x64\debug\pythonwave.tlog\resgen.read.1.tlog
d:\.studies\.pythonwave\pythonwave\pythonwave\x64\debug\pythonwave.tlog\resgen.write.1.tlog
d:\.studies\.pythonwave\pythonwave\pythonwave\x64\debug\pythonwave.tlog\bunifu.licensing.dll.metagen
d:\.studies\.pythonwave\pythonwave\pythonwave\x64\debug\pythonwave.tlog\bunifu.ui.winforms.1.5.3.dll.metagen
d:\.studies\.pythonwave\pythonwave\pythonwave\x64\debug\pythonwave.tlog\bunifu.ui.winforms.bunifubutton.dll.metagen
d:\.studies\.pythonwave\pythonwave\pythonwave\x64\debug\pythonwave.tlog\bunifu.ui.winforms.bunifucheckbox.dll.metagen
d:\.studies\.pythonwave\pythonwave\pythonwave\x64\debug\pythonwave.tlog\bunifu.ui.winforms.bunifucircleprogress.dll.metagen
d:\.studies\.pythonwave\pythonwave\pythonwave\x64\debug\pythonwave.tlog\bunifu.ui.winforms.bunifucolortransition.dll.metagen
d:\.studies\.pythonwave\pythonwave\pythonwave\x64\debug\pythonwave.tlog\bunifu.ui.winforms.bunifudatepicker.dll.metagen
d:\.studies\.pythonwave\pythonwave\pythonwave\x64\debug\pythonwave.tlog\bunifu.ui.winforms.bunifudropdown.dll.metagen
d:\.studies\.pythonwave\pythonwave\pythonwave\x64\debug\pythonwave.tlog\bunifu.ui.winforms.bunifulabel.dll.metagen
d:\.studies\.pythonwave\pythonwave\pythonwave\x64\debug\pythonwave.tlog\bunifu.ui.winforms.bunifurating.dll.metagen
d:\.studies\.pythonwave\pythonwave\pythonwave\x64\debug\pythonwave.tlog\bunifu.ui.winforms.bunifuseparator.dll.metagen
d:\.studies\.pythonwave\pythonwave\pythonwave\x64\debug\pythonwave.tlog\bunifu.ui.winforms.bunifushadowpanel.dll.metagen
d:\.studies\.pythonwave\pythonwave\pythonwave\x64\debug\pythonwave.tlog\bunifu.ui.winforms.bunifushapes.dll.metagen
d:\.studies\.pythonwave\pythonwave\pythonwave\x64\debug\pythonwave.tlog\bunifu.ui.winforms.bunifutextbox.dll.metagen
d:\.studies\.pythonwave\pythonwave\pythonwave\x64\debug\pythonwave.tlog\bunifu.ui.winforms.bunifutoggleswitch.dll.metagen
d:\.studies\.pythonwave\pythonwave\pythonwave\x64\debug\pythonwave.tlog\bunifu.ui.winforms.bunifuusercontrol.dll.metagen
d:\.studies\.pythonwave\pythonwave\pythonwave\x64\debug\pythonwave.tlog\guna.ui2.dll.metagen
d:\.studies\.pythonwave\pythonwave\pythonwave\x64\debug\pythonwave.tlog\siticone.desktop.ui.dll.metagen
